<?xml version="1.0" encoding="UTF-8"?>
<testng-results ignored="0" total="2" passed="2" failed="0" skipped="0">
  <reporter-output>
  </reporter-output>
  <suite started-at="2022-11-13T05:24:27 CST" name="Default suite" finished-at="2022-11-13T05:24:27 CST" duration-ms="31">
    <groups>
    </groups>
    <test started-at="2022-11-13T05:24:27 CST" name="Default test" finished-at="2022-11-13T05:24:27 CST" duration-ms="31">
      <class name="proyecto_junit.TestPizza">
        <test-method signature="verificaMensajeDefault()[pri:0, instance:proyecto_junit.TestPizza@6b26e945]" started-at="2022-11-13T05:24:27 CST" name="verificaMensajeDefault" finished-at="2022-11-13T05:24:27 CST" duration-ms="5" status="PASS">
          <reporter-output>
          </reporter-output>
        </test-method> <!-- verificaMensajeDefault -->
        <test-method signature="verificarOpcionVeganaFalso()[pri:0, instance:proyecto_junit.TestPizza@6b26e945]" started-at="2022-11-13T05:24:27 CST" name="verificarOpcionVeganaFalso" finished-at="2022-11-13T05:24:27 CST" duration-ms="2" status="PASS">
          <reporter-output>
          </reporter-output>
        </test-method> <!-- verificarOpcionVeganaFalso -->
      </class> <!-- proyecto_junit.TestPizza -->
    </test> <!-- Default test -->
  </suite> <!-- Default suite -->
</testng-results>
